<?xml version="1.0" encoding="UTF-8"?>
<!-- Generated by org.testng.reporters.JUnitReportReporter -->
<testsuite hostname="DESKTOP-MEV3TEA" failures="0" tests="15" name="runner.TestRunner" time="3.752" errors="0" timestamp="2022-08-17T10:13:01 IST" skipped="0">
  <testcase classname="runner.TestRunner" name="runScenario" time="0.163"/>
  <system-out/>
  <testcase classname="runner.TestRunner" name="runScenario" time="0.190"/>
  <system-out/>
  <testcase classname="runner.TestRunner" name="runScenario" time="0.180"/>
  <system-out/>
  <testcase classname="runner.TestRunner" name="runScenario" time="0.172"/>
  <system-out/>
  <testcase classname="runner.TestRunner" name="runScenario" time="0.163"/>
  <system-out/>
  <testcase classname="runner.TestRunner" name="runScenario" time="0.153"/>
  <system-out/>
  <testcase classname="runner.TestRunner" name="runScenario" time="0.210"/>
  <system-out/>
  <testcase classname="runner.TestRunner" name="runScenario" time="0.156"/>
  <system-out/>
  <testcase classname="runner.TestRunner" name="runScenario" time="0.162"/>
  <system-out/>
  <testcase classname="runner.TestRunner" name="runScenario" time="0.167"/>
  <system-out/>
  <testcase classname="runner.TestRunner" name="runScenario" time="1.287"/>
  <system-out/>
  <testcase classname="runner.TestRunner" name="runScenario" time="0.180"/>
  <system-out/>
  <testcase classname="runner.TestRunner" name="runScenario" time="0.197"/>
  <system-out/>
  <testcase classname="runner.TestRunner" name="runScenario" time="0.208"/>
  <system-out/>
  <testcase classname="runner.TestRunner" name="runScenario" time="0.164"/>
  <system-out/>
</testsuite> <!-- runner.TestRunner -->
