<?xml version="1.0" encoding="UTF-8"?>
<!-- Generated by org.testng.reporters.JUnitReportReporter -->
<testsuite hostname="DESKTOP-MEV3TEA" failures="0" tests="15" name="runner.TestRunner" time="6.020" errors="0" timestamp="2022-08-16T18:10:32 IST" skipped="0">
  <testcase classname="runner.TestRunner" name="runScenario" time="2.733"/>
  <system-out/>
  <testcase classname="runner.TestRunner" name="runScenario" time="0.247"/>
  <system-out/>
  <testcase classname="runner.TestRunner" name="runScenario" time="0.185"/>
  <system-out/>
  <testcase classname="runner.TestRunner" name="runScenario" time="0.260"/>
  <system-out/>
  <testcase classname="runner.TestRunner" name="runScenario" time="0.204"/>
  <system-out/>
  <testcase classname="runner.TestRunner" name="runScenario" time="0.316"/>
  <system-out/>
  <testcase classname="runner.TestRunner" name="runScenario" time="0.221"/>
  <system-out/>
  <testcase classname="runner.TestRunner" name="runScenario" time="0.196"/>
  <system-out/>
  <testcase classname="runner.TestRunner" name="runScenario" time="0.184"/>
  <system-out/>
  <testcase classname="runner.TestRunner" name="runScenario" time="0.257"/>
  <system-out/>
  <testcase classname="runner.TestRunner" name="runScenario" time="0.226"/>
  <system-out/>
  <testcase classname="runner.TestRunner" name="runScenario" time="0.274"/>
  <system-out/>
  <testcase classname="runner.TestRunner" name="runScenario" time="0.289"/>
  <system-out/>
  <testcase classname="runner.TestRunner" name="runScenario" time="0.189"/>
  <system-out/>
  <testcase classname="runner.TestRunner" name="runScenario" time="0.239"/>
  <system-out/>
</testsuite> <!-- runner.TestRunner -->
