<?xml version="1.0" encoding="UTF-8"?>
<!-- Generated by org.testng.reporters.JUnitReportReporter -->
<testsuite hostname="DESKTOP-MEV3TEA" failures="0" tests="15" name="runner.TestRunner" time="4.107" errors="0" timestamp="2022-08-17T10:16:40 IST" skipped="0">
  <testcase classname="runner.TestRunner" name="runScenario" time="0.199"/>
  <system-out/>
  <testcase classname="runner.TestRunner" name="runScenario" time="0.203"/>
  <system-out/>
  <testcase classname="runner.TestRunner" name="runScenario" time="0.153"/>
  <system-out/>
  <testcase classname="runner.TestRunner" name="runScenario" time="0.191"/>
  <system-out/>
  <testcase classname="runner.TestRunner" name="runScenario" time="0.186"/>
  <system-out/>
  <testcase classname="runner.TestRunner" name="runScenario" time="0.193"/>
  <system-out/>
  <testcase classname="runner.TestRunner" name="runScenario" time="0.190"/>
  <system-out/>
  <testcase classname="runner.TestRunner" name="runScenario" time="0.181"/>
  <system-out/>
  <testcase classname="runner.TestRunner" name="runScenario" time="0.239"/>
  <system-out/>
  <testcase classname="runner.TestRunner" name="runScenario" time="0.196"/>
  <system-out/>
  <testcase classname="runner.TestRunner" name="runScenario" time="1.327"/>
  <system-out/>
  <testcase classname="runner.TestRunner" name="runScenario" time="0.229"/>
  <system-out/>
  <testcase classname="runner.TestRunner" name="runScenario" time="0.213"/>
  <system-out/>
  <testcase classname="runner.TestRunner" name="runScenario" time="0.184"/>
  <system-out/>
  <testcase classname="runner.TestRunner" name="runScenario" time="0.223"/>
  <system-out/>
</testsuite> <!-- runner.TestRunner -->
